mode: set
github.com/taylor-s-dean/gogettext/po2json/po2json.go:60.26,66.2 1 1
github.com/taylor-s-dean/gogettext/po2json/po2json.go:68.64,70.16 2 1
github.com/taylor-s-dean/gogettext/po2json/po2json.go:74.2,74.32 1 1
github.com/taylor-s-dean/gogettext/po2json/po2json.go:70.16,72.3 1 0
github.com/taylor-s-dean/gogettext/po2json/po2json.go:77.70,79.2 1 1
github.com/taylor-s-dean/gogettext/po2json/po2json.go:81.69,84.63 2 1
github.com/taylor-s-dean/gogettext/po2json/po2json.go:198.2,199.16 2 1
github.com/taylor-s-dean/gogettext/po2json/po2json.go:203.2,203.22 1 1
github.com/taylor-s-dean/gogettext/po2json/po2json.go:84.63,87.31 1 1
github.com/taylor-s-dean/gogettext/po2json/po2json.go:93.3,93.29 1 1
github.com/taylor-s-dean/gogettext/po2json/po2json.go:107.3,107.67 1 1
github.com/taylor-s-dean/gogettext/po2json/po2json.go:121.3,121.65 1 1
github.com/taylor-s-dean/gogettext/po2json/po2json.go:135.3,135.66 1 1
github.com/taylor-s-dean/gogettext/po2json/po2json.go:149.3,149.71 1 1
github.com/taylor-s-dean/gogettext/po2json/po2json.go:163.3,163.72 1 1
github.com/taylor-s-dean/gogettext/po2json/po2json.go:179.3,179.66 1 1
github.com/taylor-s-dean/gogettext/po2json/po2json.go:87.31,88.12 1 1
github.com/taylor-s-dean/gogettext/po2json/po2json.go:93.29,94.43 1 1
github.com/taylor-s-dean/gogettext/po2json/po2json.go:98.4,101.12 4 1
github.com/taylor-s-dean/gogettext/po2json/po2json.go:94.43,96.5 1 1
github.com/taylor-s-dean/gogettext/po2json/po2json.go:107.67,109.42 2 1
github.com/taylor-s-dean/gogettext/po2json/po2json.go:113.4,115.12 3 1
github.com/taylor-s-dean/gogettext/po2json/po2json.go:109.42,111.5 1 1
github.com/taylor-s-dean/gogettext/po2json/po2json.go:121.65,123.42 2 1
github.com/taylor-s-dean/gogettext/po2json/po2json.go:127.4,129.12 3 1
github.com/taylor-s-dean/gogettext/po2json/po2json.go:123.42,125.5 1 1
github.com/taylor-s-dean/gogettext/po2json/po2json.go:135.66,137.42 2 1
github.com/taylor-s-dean/gogettext/po2json/po2json.go:141.4,143.12 3 1
github.com/taylor-s-dean/gogettext/po2json/po2json.go:137.42,139.5 1 1
github.com/taylor-s-dean/gogettext/po2json/po2json.go:149.71,151.42 2 1
github.com/taylor-s-dean/gogettext/po2json/po2json.go:155.4,157.12 3 1
github.com/taylor-s-dean/gogettext/po2json/po2json.go:151.42,153.5 1 0
github.com/taylor-s-dean/gogettext/po2json/po2json.go:163.72,165.42 2 1
github.com/taylor-s-dean/gogettext/po2json/po2json.go:169.4,173.12 5 1
github.com/taylor-s-dean/gogettext/po2json/po2json.go:165.42,167.5 1 0
github.com/taylor-s-dean/gogettext/po2json/po2json.go:179.66,180.19 1 1
github.com/taylor-s-dean/gogettext/po2json/po2json.go:194.4,194.12 1 1
github.com/taylor-s-dean/gogettext/po2json/po2json.go:181.22,182.37 1 1
github.com/taylor-s-dean/gogettext/po2json/po2json.go:183.20,184.35 1 1
github.com/taylor-s-dean/gogettext/po2json/po2json.go:185.21,186.36 1 1
github.com/taylor-s-dean/gogettext/po2json/po2json.go:187.26,188.41 1 1
github.com/taylor-s-dean/gogettext/po2json/po2json.go:189.27,190.69 1 1
github.com/taylor-s-dean/gogettext/po2json/po2json.go:191.26,192.112 1 0
github.com/taylor-s-dean/gogettext/po2json/po2json.go:199.16,201.3 1 0
github.com/taylor-s-dean/gogettext/po2json/po2json.go:206.39,211.44 5 1
github.com/taylor-s-dean/gogettext/po2json/po2json.go:215.2,215.37 1 1
github.com/taylor-s-dean/gogettext/po2json/po2json.go:218.2,220.37 2 1
github.com/taylor-s-dean/gogettext/po2json/po2json.go:223.2,225.21 2 1
github.com/taylor-s-dean/gogettext/po2json/po2json.go:241.2,241.27 1 1
github.com/taylor-s-dean/gogettext/po2json/po2json.go:245.2,245.12 1 1
github.com/taylor-s-dean/gogettext/po2json/po2json.go:211.44,213.3 1 1
github.com/taylor-s-dean/gogettext/po2json/po2json.go:215.37,217.3 1 1
github.com/taylor-s-dean/gogettext/po2json/po2json.go:220.37,222.3 1 1
github.com/taylor-s-dean/gogettext/po2json/po2json.go:225.21,226.22 1 1
github.com/taylor-s-dean/gogettext/po2json/po2json.go:226.22,227.83 1 1
github.com/taylor-s-dean/gogettext/po2json/po2json.go:227.83,229.35 2 1
github.com/taylor-s-dean/gogettext/po2json/po2json.go:232.5,232.32 1 1
github.com/taylor-s-dean/gogettext/po2json/po2json.go:229.35,231.6 1 0
github.com/taylor-s-dean/gogettext/po2json/po2json.go:234.9,235.44 1 1
github.com/taylor-s-dean/gogettext/po2json/po2json.go:238.4,238.36 1 1
github.com/taylor-s-dean/gogettext/po2json/po2json.go:235.44,237.5 1 1
github.com/taylor-s-dean/gogettext/po2json/po2json.go:241.27,243.3 1 1
github.com/taylor-s-dean/gogettext/po2json/po2json.go:248.38,249.28 1 1
github.com/taylor-s-dean/gogettext/po2json/po2json.go:252.2,252.12 1 1
github.com/taylor-s-dean/gogettext/po2json/po2json.go:249.28,251.3 1 1
github.com/taylor-s-dean/gogettext/po2json/po2json.go:255.43,259.34 4 1
github.com/taylor-s-dean/gogettext/po2json/po2json.go:266.2,267.20 2 1
github.com/taylor-s-dean/gogettext/po2json/po2json.go:259.34,262.30 3 1
github.com/taylor-s-dean/gogettext/po2json/po2json.go:262.30,264.4 1 1
github.com/taylor-s-dean/gogettext/gettext.go:17.31,19.2 1 1
github.com/taylor-s-dean/gogettext/gettext.go:45.74,53.16 6 1
github.com/taylor-s-dean/gogettext/gettext.go:57.2,57.44 1 1
github.com/taylor-s-dean/gogettext/gettext.go:61.2,61.16 1 1
github.com/taylor-s-dean/gogettext/gettext.go:53.16,55.3 1 0
github.com/taylor-s-dean/gogettext/gettext.go:57.44,59.3 1 0
github.com/taylor-s-dean/gogettext/gettext.go:64.80,72.16 6 1
github.com/taylor-s-dean/gogettext/gettext.go:76.2,76.44 1 1
github.com/taylor-s-dean/gogettext/gettext.go:80.2,80.16 1 1
github.com/taylor-s-dean/gogettext/gettext.go:72.16,74.3 1 0
github.com/taylor-s-dean/gogettext/gettext.go:76.44,78.3 1 1
github.com/taylor-s-dean/gogettext/gettext.go:83.79,91.16 6 1
github.com/taylor-s-dean/gogettext/gettext.go:95.2,95.44 1 1
github.com/taylor-s-dean/gogettext/gettext.go:99.2,99.16 1 1
github.com/taylor-s-dean/gogettext/gettext.go:91.16,93.3 1 0
github.com/taylor-s-dean/gogettext/gettext.go:95.44,97.3 1 0
github.com/taylor-s-dean/gogettext/gettext.go:102.73,107.16 4 1
github.com/taylor-s-dean/gogettext/gettext.go:111.2,112.64 2 1
github.com/taylor-s-dean/gogettext/gettext.go:116.2,116.23 1 1
github.com/taylor-s-dean/gogettext/gettext.go:107.16,109.3 1 0
github.com/taylor-s-dean/gogettext/gettext.go:112.64,114.3 1 0
github.com/taylor-s-dean/gogettext/gettext.go:119.50,126.24 5 1
github.com/taylor-s-dean/gogettext/gettext.go:130.2,131.9 2 1
github.com/taylor-s-dean/gogettext/gettext.go:135.2,136.9 2 1
github.com/taylor-s-dean/gogettext/gettext.go:140.2,141.9 2 1
github.com/taylor-s-dean/gogettext/gettext.go:145.2,146.9 2 1
github.com/taylor-s-dean/gogettext/gettext.go:150.2,151.9 2 1
github.com/taylor-s-dean/gogettext/gettext.go:155.2,156.9 2 1
github.com/taylor-s-dean/gogettext/gettext.go:160.2,161.20 2 1
github.com/taylor-s-dean/gogettext/gettext.go:165.2,166.69 2 1
github.com/taylor-s-dean/gogettext/gettext.go:170.2,172.16 2 1
github.com/taylor-s-dean/gogettext/gettext.go:176.2,176.12 1 1
github.com/taylor-s-dean/gogettext/gettext.go:126.24,128.3 1 0
github.com/taylor-s-dean/gogettext/gettext.go:131.9,133.3 1 0
github.com/taylor-s-dean/gogettext/gettext.go:136.9,138.3 1 0
github.com/taylor-s-dean/gogettext/gettext.go:141.9,143.3 1 0
github.com/taylor-s-dean/gogettext/gettext.go:146.9,148.3 1 0
github.com/taylor-s-dean/gogettext/gettext.go:151.9,153.3 1 1
github.com/taylor-s-dean/gogettext/gettext.go:156.9,158.3 1 0
github.com/taylor-s-dean/gogettext/gettext.go:161.20,163.3 1 0
github.com/taylor-s-dean/gogettext/gettext.go:166.69,168.3 1 1
github.com/taylor-s-dean/gogettext/gettext.go:172.16,174.3 1 0
github.com/taylor-s-dean/gogettext/gettext.go:179.101,183.24 3 1
github.com/taylor-s-dean/gogettext/gettext.go:187.2,188.9 2 1
github.com/taylor-s-dean/gogettext/gettext.go:192.2,193.9 2 1
github.com/taylor-s-dean/gogettext/gettext.go:197.2,198.9 2 1
github.com/taylor-s-dean/gogettext/gettext.go:202.2,203.9 2 1
github.com/taylor-s-dean/gogettext/gettext.go:207.2,207.22 1 1
github.com/taylor-s-dean/gogettext/gettext.go:183.24,185.3 1 1
github.com/taylor-s-dean/gogettext/gettext.go:188.9,190.3 1 1
github.com/taylor-s-dean/gogettext/gettext.go:193.9,195.3 1 1
github.com/taylor-s-dean/gogettext/gettext.go:198.9,200.3 1 1
github.com/taylor-s-dean/gogettext/gettext.go:203.9,205.3 1 1
github.com/taylor-s-dean/gogettext/gettext.go:212.56,215.2 2 1
github.com/taylor-s-dean/gogettext/gettext.go:220.68,225.16 4 1
github.com/taylor-s-dean/gogettext/gettext.go:229.2,230.9 2 1
github.com/taylor-s-dean/gogettext/gettext.go:234.2,235.9 2 1
github.com/taylor-s-dean/gogettext/gettext.go:239.2,239.23 1 1
github.com/taylor-s-dean/gogettext/gettext.go:225.16,227.3 1 1
github.com/taylor-s-dean/gogettext/gettext.go:230.9,232.3 1 1
github.com/taylor-s-dean/gogettext/gettext.go:235.9,237.3 1 0
github.com/taylor-s-dean/gogettext/gettext.go:252.99,255.2 2 1
github.com/taylor-s-dean/gogettext/gettext.go:267.111,272.19 4 1
github.com/taylor-s-dean/gogettext/gettext.go:276.2,277.16 2 1
github.com/taylor-s-dean/gogettext/gettext.go:281.2,282.16 2 1
github.com/taylor-s-dean/gogettext/gettext.go:286.2,287.9 2 1
github.com/taylor-s-dean/gogettext/gettext.go:291.2,292.9 2 1
github.com/taylor-s-dean/gogettext/gettext.go:296.2,297.35 2 1
github.com/taylor-s-dean/gogettext/gettext.go:301.2,301.36 1 1
github.com/taylor-s-dean/gogettext/gettext.go:272.19,274.3 1 1
github.com/taylor-s-dean/gogettext/gettext.go:277.16,279.3 1 0
github.com/taylor-s-dean/gogettext/gettext.go:282.16,284.3 1 0
github.com/taylor-s-dean/gogettext/gettext.go:287.9,289.3 1 0
github.com/taylor-s-dean/gogettext/gettext.go:292.9,294.3 1 0
github.com/taylor-s-dean/gogettext/gettext.go:297.35,299.3 1 0
github.com/taylor-s-dean/gogettext/gettext.go:308.73,311.2 2 1
github.com/taylor-s-dean/gogettext/gettext.go:317.85,322.16 4 1
github.com/taylor-s-dean/gogettext/gettext.go:326.2,327.9 2 1
github.com/taylor-s-dean/gogettext/gettext.go:331.2,332.9 2 1
github.com/taylor-s-dean/gogettext/gettext.go:336.2,336.23 1 1
github.com/taylor-s-dean/gogettext/gettext.go:322.16,324.3 1 1
github.com/taylor-s-dean/gogettext/gettext.go:327.9,329.3 1 0
github.com/taylor-s-dean/gogettext/gettext.go:332.9,334.3 1 0
github.com/taylor-s-dean/gogettext/plurals-parser/parser.go:198.0,199.0 1 1
github.com/taylor-s-dean/gogettext/plurals-parser/parser.go:199.0,202.0 3 1
github.com/taylor-s-dean/gogettext/plurals-parser/parser.go:203.0,204.0 1 1
github.com/taylor-s-dean/gogettext/plurals-parser/parser.go:205.0,207.0 2 1
github.com/taylor-s-dean/gogettext/plurals-parser/parser.go:208.0,209.0 1 1
github.com/taylor-s-dean/gogettext/plurals-parser/parser.go:210.0,211.0 1 1
github.com/taylor-s-dean/gogettext/plurals-parser/parser.go:212.0,214.0 2 1
github.com/taylor-s-dean/gogettext/plurals-parser/parser.go:215.0,216.0 1 1
github.com/taylor-s-dean/gogettext/plurals-parser/parser.go:217.0,219.0 2 1
github.com/taylor-s-dean/gogettext/plurals-parser/parser.go:220.0,221.0 1 1
github.com/taylor-s-dean/gogettext/plurals-parser/parser.go:222.0,224.0 2 1
github.com/taylor-s-dean/gogettext/plurals-parser/parser.go:225.0,227.0 2 1
github.com/taylor-s-dean/gogettext/plurals-parser/parser.go:228.0,230.0 2 1
github.com/taylor-s-dean/gogettext/plurals-parser/parser.go:231.0,233.0 2 1
github.com/taylor-s-dean/gogettext/plurals-parser/parser.go:234.0,235.0 1 1
github.com/taylor-s-dean/gogettext/plurals-parser/parser.go:236.0,237.0 1 1
github.com/taylor-s-dean/gogettext/plurals-parser/parser.go:238.0,239.0 1 1
github.com/taylor-s-dean/gogettext/plurals-parser/parser.go:240.0,241.0 1 1
github.com/taylor-s-dean/gogettext/plurals-parser/parser.go:242.0,244.0 2 1
github.com/taylor-s-dean/gogettext/plurals-parser/parser.go:245.0,245.0 0 1
github.com/taylor-s-dean/gogettext/plurals-parser/parser.go:246.0,247.0 1 0
github.com/taylor-s-dean/gogettext/plurals-parser/parser.go:252.0,253.0 1 1
github.com/taylor-s-dean/gogettext/plurals-parser/parser.go:258.0,261.0 3 1
github.com/taylor-s-dean/gogettext/plurals-parser/parser.go:270.0,272.0 3 1
github.com/taylor-s-dean/gogettext/plurals-parser/parser.go:276.0,276.0 1 1
github.com/taylor-s-dean/gogettext/plurals-parser/parser.go:253.0,254.0 1 1
github.com/taylor-s-dean/gogettext/plurals-parser/parser.go:254.0,256.0 1 0
github.com/taylor-s-dean/gogettext/plurals-parser/parser.go:261.0,262.0 1 1
github.com/taylor-s-dean/gogettext/plurals-parser/parser.go:263.0,265.0 2 1
github.com/taylor-s-dean/gogettext/plurals-parser/parser.go:266.0,267.0 1 1
github.com/taylor-s-dean/gogettext/plurals-parser/parser.go:272.0,275.0 2 0
github.com/taylor-s-dean/gogettext/plurals-parser/parser.go:279.0,284.0 5 1
github.com/taylor-s-dean/gogettext/plurals-parser/parser.go:287.0,288.0 2 1
github.com/taylor-s-dean/gogettext/plurals-parser/parser.go:284.0,286.0 1 1
github.com/taylor-s-dean/gogettext/plurals-parser/parser.go:291.0,293.0 2 1
github.com/taylor-s-dean/gogettext/plurals-parser/parser.go:300.0,300.0 1 1
github.com/taylor-s-dean/gogettext/plurals-parser/parser.go:293.0,294.0 1 1
github.com/taylor-s-dean/gogettext/plurals-parser/parser.go:294.0,296.0 1 1
github.com/taylor-s-dean/gogettext/plurals-parser/parser.go:296.0,298.0 1 1
github.com/taylor-s-dean/gogettext/plurals-parser/parser.go:303.0,314.0 2 1
github.com/taylor-s-dean/gogettext/plurals-parser/parser.go:316.0,321.0 4 1
github.com/taylor-s-dean/gogettext/plurals-parser/parser.go:25.0,27.0 1 0
github.com/taylor-s-dean/gogettext/plurals-parser/parser.go:29.0,31.0 1 1
github.com/taylor-s-dean/gogettext/plurals-parser/parser.go:35.0,36.0 1 1
github.com/taylor-s-dean/gogettext/plurals-parser/parser.go:41.0,41.0 1 0
github.com/taylor-s-dean/gogettext/plurals-parser/parser.go:36.0,37.0 1 1
github.com/taylor-s-dean/gogettext/plurals-parser/parser.go:37.0,39.0 1 1
github.com/taylor-s-dean/gogettext/plurals-parser/parser.go:44.0,45.0 1 0
github.com/taylor-s-dean/gogettext/plurals-parser/parser.go:50.0,50.0 1 0
github.com/taylor-s-dean/gogettext/plurals-parser/parser.go:45.0,46.0 1 0
github.com/taylor-s-dean/gogettext/plurals-parser/parser.go:46.0,48.0 1 0
github.com/taylor-s-dean/gogettext/plurals-parser/parser.go:53.0,56.0 2 1
github.com/taylor-s-dean/gogettext/plurals-parser/parser.go:60.0,60.0 1 1
github.com/taylor-s-dean/gogettext/plurals-parser/parser.go:66.0,73.0 4 1
github.com/taylor-s-dean/gogettext/plurals-parser/parser.go:82.0,82.0 1 1
github.com/taylor-s-dean/gogettext/plurals-parser/parser.go:106.0,106.0 1 1
github.com/taylor-s-dean/gogettext/plurals-parser/parser.go:114.0,114.0 1 1
github.com/taylor-s-dean/gogettext/plurals-parser/parser.go:56.0,58.0 1 0
github.com/taylor-s-dean/gogettext/plurals-parser/parser.go:60.0,61.0 1 0
github.com/taylor-s-dean/gogettext/plurals-parser/parser.go:61.0,63.0 1 0
github.com/taylor-s-dean/gogettext/plurals-parser/parser.go:73.0,74.0 1 1
github.com/taylor-s-dean/gogettext/plurals-parser/parser.go:74.0,75.0 1 1
github.com/taylor-s-dean/gogettext/plurals-parser/parser.go:78.0,78.0 1 1
github.com/taylor-s-dean/gogettext/plurals-parser/parser.go:75.0,77.0 1 0
github.com/taylor-s-dean/gogettext/plurals-parser/parser.go:82.0,84.0 2 1
github.com/taylor-s-dean/gogettext/plurals-parser/parser.go:89.0,89.0 1 1
github.com/taylor-s-dean/gogettext/plurals-parser/parser.go:101.0,101.0 1 1
github.com/taylor-s-dean/gogettext/plurals-parser/parser.go:84.0,86.0 1 0
github.com/taylor-s-dean/gogettext/plurals-parser/parser.go:89.0,91.0 2 1
github.com/taylor-s-dean/gogettext/plurals-parser/parser.go:94.0,94.0 1 0
github.com/taylor-s-dean/gogettext/plurals-parser/parser.go:97.0,97.0 1 0
github.com/taylor-s-dean/gogettext/plurals-parser/parser.go:91.0,92.0 1 1
github.com/taylor-s-dean/gogettext/plurals-parser/parser.go:94.0,96.0 1 0
github.com/taylor-s-dean/gogettext/plurals-parser/parser.go:101.0,103.0 1 0
github.com/taylor-s-dean/gogettext/plurals-parser/parser.go:106.0,107.0 1 1
github.com/taylor-s-dean/gogettext/plurals-parser/parser.go:112.0,112.0 1 1
github.com/taylor-s-dean/gogettext/plurals-parser/parser.go:107.0,109.0 1 1
github.com/taylor-s-dean/gogettext/plurals-parser/parser.go:109.0,111.0 1 1
github.com/taylor-s-dean/gogettext/plurals-parser/parser.go:117.0,120.0 3 1
github.com/taylor-s-dean/gogettext/plurals-parser/parser.go:124.0,124.0 1 1
github.com/taylor-s-dean/gogettext/plurals-parser/parser.go:128.0,128.0 1 1
github.com/taylor-s-dean/gogettext/plurals-parser/parser.go:134.0,134.0 1 0
github.com/taylor-s-dean/gogettext/plurals-parser/parser.go:143.0,143.0 1 1
github.com/taylor-s-dean/gogettext/plurals-parser/parser.go:146.0,146.0 1 1
github.com/taylor-s-dean/gogettext/plurals-parser/parser.go:149.0,149.0 1 1
github.com/taylor-s-dean/gogettext/plurals-parser/parser.go:120.0,122.0 2 1
github.com/taylor-s-dean/gogettext/plurals-parser/parser.go:124.0,126.0 2 0
github.com/taylor-s-dean/gogettext/plurals-parser/parser.go:128.0,129.0 1 1
github.com/taylor-s-dean/gogettext/plurals-parser/parser.go:129.0,131.0 2 1
github.com/taylor-s-dean/gogettext/plurals-parser/parser.go:134.0,136.0 2 0
github.com/taylor-s-dean/gogettext/plurals-parser/parser.go:136.0,138.0 2 0
github.com/taylor-s-dean/gogettext/plurals-parser/parser.go:143.0,145.0 1 0
github.com/taylor-s-dean/gogettext/plurals-parser/parser.go:146.0,148.0 1 0
github.com/taylor-s-dean/gogettext/plurals-parser/parser.go:152.0,154.0 1 1
github.com/taylor-s-dean/gogettext/plurals-parser/parser.go:156.0,168.0 11 1
github.com/taylor-s-dean/gogettext/plurals-parser/parser.go:174.0,175.0 2 1
github.com/taylor-s-dean/gogettext/plurals-parser/parser.go:178.0,180.0 2 1
github.com/taylor-s-dean/gogettext/plurals-parser/parser.go:181.0,183.0 2 1
github.com/taylor-s-dean/gogettext/plurals-parser/parser.go:185.0,185.0 1 1
github.com/taylor-s-dean/gogettext/plurals-parser/parser.go:189.0,190.0 2 1
github.com/taylor-s-dean/gogettext/plurals-parser/parser.go:195.0,198.0 3 1
github.com/taylor-s-dean/gogettext/plurals-parser/parser.go:199.0,200.0 2 1
github.com/taylor-s-dean/gogettext/plurals-parser/parser.go:203.0,203.0 1 1
github.com/taylor-s-dean/gogettext/plurals-parser/parser.go:206.0,207.0 2 1
github.com/taylor-s-dean/gogettext/plurals-parser/parser.go:210.0,211.0 2 1
github.com/taylor-s-dean/gogettext/plurals-parser/parser.go:224.0,225.0 2 1
github.com/taylor-s-dean/gogettext/plurals-parser/parser.go:249.0,249.0 1 1
github.com/taylor-s-dean/gogettext/plurals-parser/parser.go:297.0,297.0 1 1
github.com/taylor-s-dean/gogettext/plurals-parser/parser.go:301.0,308.0 5 1
github.com/taylor-s-dean/gogettext/plurals-parser/parser.go:313.0,320.0 5 1
github.com/taylor-s-dean/gogettext/plurals-parser/parser.go:329.0,329.0 1 1
github.com/taylor-s-dean/gogettext/plurals-parser/parser.go:162.0,162.0 1 1
github.com/taylor-s-dean/gogettext/plurals-parser/parser.go:168.0,173.0 3 1
github.com/taylor-s-dean/gogettext/plurals-parser/parser.go:185.0,187.0 1 0
github.com/taylor-s-dean/gogettext/plurals-parser/parser.go:190.0,194.0 3 1
github.com/taylor-s-dean/gogettext/plurals-parser/parser.go:200.0,201.0 1 1
github.com/taylor-s-dean/gogettext/plurals-parser/parser.go:203.0,205.0 1 1
github.com/taylor-s-dean/gogettext/plurals-parser/parser.go:207.0,208.0 1 1
github.com/taylor-s-dean/gogettext/plurals-parser/parser.go:211.0,216.0 5 1
github.com/taylor-s-dean/gogettext/plurals-parser/parser.go:219.0,219.0 1 1
github.com/taylor-s-dean/gogettext/plurals-parser/parser.go:216.0,218.0 1 0
github.com/taylor-s-dean/gogettext/plurals-parser/parser.go:225.0,226.0 1 1
github.com/taylor-s-dean/gogettext/plurals-parser/parser.go:231.0,232.0 2 1
github.com/taylor-s-dean/gogettext/plurals-parser/parser.go:238.0,238.0 1 1
github.com/taylor-s-dean/gogettext/plurals-parser/parser.go:244.0,245.0 2 1
github.com/taylor-s-dean/gogettext/plurals-parser/parser.go:226.0,228.0 1 0
github.com/taylor-s-dean/gogettext/plurals-parser/parser.go:232.0,233.0 1 1
github.com/taylor-s-dean/gogettext/plurals-parser/parser.go:236.0,236.0 1 0
github.com/taylor-s-dean/gogettext/plurals-parser/parser.go:233.0,234.0 1 1
github.com/taylor-s-dean/gogettext/plurals-parser/parser.go:238.0,240.0 2 1
github.com/taylor-s-dean/gogettext/plurals-parser/parser.go:240.0,241.0 1 1
github.com/taylor-s-dean/gogettext/plurals-parser/parser.go:245.0,246.0 1 1
github.com/taylor-s-dean/gogettext/plurals-parser/parser.go:249.0,251.0 1 1
github.com/taylor-s-dean/gogettext/plurals-parser/parser.go:252.0,255.0 3 1
github.com/taylor-s-dean/gogettext/plurals-parser/parser.go:259.0,259.0 1 1
github.com/taylor-s-dean/gogettext/plurals-parser/parser.go:261.0,265.0 2 1
github.com/taylor-s-dean/gogettext/plurals-parser/parser.go:281.0,281.0 1 1
github.com/taylor-s-dean/gogettext/plurals-parser/parser.go:283.0,284.0 1 0
github.com/taylor-s-dean/gogettext/plurals-parser/parser.go:287.0,287.0 1 0
github.com/taylor-s-dean/gogettext/plurals-parser/parser.go:290.0,292.0 3 0
github.com/taylor-s-dean/gogettext/plurals-parser/parser.go:255.0,258.0 2 0
github.com/taylor-s-dean/gogettext/plurals-parser/parser.go:265.0,267.0 2 1
github.com/taylor-s-dean/gogettext/plurals-parser/parser.go:275.0,275.0 1 1
github.com/taylor-s-dean/gogettext/plurals-parser/parser.go:278.0,278.0 1 1
github.com/taylor-s-dean/gogettext/plurals-parser/parser.go:267.0,269.0 2 1
github.com/taylor-s-dean/gogettext/plurals-parser/parser.go:269.0,270.0 1 0
github.com/taylor-s-dean/gogettext/plurals-parser/parser.go:275.0,277.0 1 0
github.com/taylor-s-dean/gogettext/plurals-parser/parser.go:284.0,286.0 1 0
github.com/taylor-s-dean/gogettext/plurals-parser/parser.go:287.0,288.0 1 0
github.com/taylor-s-dean/gogettext/plurals-parser/parser.go:297.0,299.0 1 0
github.com/taylor-s-dean/gogettext/plurals-parser/parser.go:308.0,312.0 3 0
github.com/taylor-s-dean/gogettext/plurals-parser/parser.go:320.0,322.0 1 1
github.com/taylor-s-dean/gogettext/plurals-parser/parser.go:322.0,324.0 2 1
github.com/taylor-s-dean/gogettext/plurals-parser/parser.go:324.0,326.0 1 1
github.com/taylor-s-dean/gogettext/plurals-parser/parser.go:331.0,62.0 2 1
github.com/taylor-s-dean/gogettext/plurals-parser/parser.go:65.0,70.0 2 1
github.com/taylor-s-dean/gogettext/plurals-parser/parser.go:77.0,79.0 2 1
github.com/taylor-s-dean/gogettext/plurals-parser/parser.go:82.0,81.0 2 1
github.com/taylor-s-dean/gogettext/plurals-parser/parser.go:84.0,85.0 2 1
github.com/taylor-s-dean/gogettext/plurals-parser/parser.go:92.0,93.0 2 1
github.com/taylor-s-dean/gogettext/plurals-parser/parser.go:100.0,101.0 2 1
github.com/taylor-s-dean/gogettext/plurals-parser/parser.go:108.0,109.0 2 1
github.com/taylor-s-dean/gogettext/plurals-parser/parser.go:116.0,120.0 2 1
github.com/taylor-s-dean/gogettext/plurals-parser/parser.go:127.0,128.0 2 1
github.com/taylor-s-dean/gogettext/plurals-parser/parser.go:135.0,139.0 2 1
github.com/taylor-s-dean/gogettext/plurals-parser/parser.go:146.0,147.0 2 1
github.com/taylor-s-dean/gogettext/plurals-parser/parser.go:154.0,158.0 2 1
github.com/taylor-s-dean/gogettext/plurals-parser/parser.go:62.0,64.0 1 1
github.com/taylor-s-dean/gogettext/plurals-parser/parser.go:70.0,71.0 1 1
github.com/taylor-s-dean/gogettext/plurals-parser/parser.go:71.0,73.0 1 1
github.com/taylor-s-dean/gogettext/plurals-parser/parser.go:73.0,75.0 1 1
github.com/taylor-s-dean/gogettext/plurals-parser/parser.go:79.0,81.0 1 1
github.com/taylor-s-dean/gogettext/plurals-parser/parser.go:81.0,83.0 1 1
github.com/taylor-s-dean/gogettext/plurals-parser/parser.go:85.0,86.0 1 1
github.com/taylor-s-dean/gogettext/plurals-parser/parser.go:86.0,88.0 1 1
github.com/taylor-s-dean/gogettext/plurals-parser/parser.go:88.0,90.0 1 1
github.com/taylor-s-dean/gogettext/plurals-parser/parser.go:93.0,94.0 1 1
github.com/taylor-s-dean/gogettext/plurals-parser/parser.go:94.0,96.0 1 1
github.com/taylor-s-dean/gogettext/plurals-parser/parser.go:96.0,98.0 1 1
github.com/taylor-s-dean/gogettext/plurals-parser/parser.go:101.0,102.0 1 1
github.com/taylor-s-dean/gogettext/plurals-parser/parser.go:102.0,104.0 1 1
github.com/taylor-s-dean/gogettext/plurals-parser/parser.go:104.0,106.0 1 1
github.com/taylor-s-dean/gogettext/plurals-parser/parser.go:109.0,110.0 1 1
github.com/taylor-s-dean/gogettext/plurals-parser/parser.go:110.0,112.0 1 1
github.com/taylor-s-dean/gogettext/plurals-parser/parser.go:112.0,114.0 1 1
github.com/taylor-s-dean/gogettext/plurals-parser/parser.go:120.0,121.0 1 1
github.com/taylor-s-dean/gogettext/plurals-parser/parser.go:121.0,123.0 1 1
github.com/taylor-s-dean/gogettext/plurals-parser/parser.go:123.0,125.0 1 1
github.com/taylor-s-dean/gogettext/plurals-parser/parser.go:128.0,129.0 1 1
github.com/taylor-s-dean/gogettext/plurals-parser/parser.go:129.0,131.0 1 1
github.com/taylor-s-dean/gogettext/plurals-parser/parser.go:131.0,133.0 1 1
github.com/taylor-s-dean/gogettext/plurals-parser/parser.go:139.0,140.0 1 1
github.com/taylor-s-dean/gogettext/plurals-parser/parser.go:140.0,142.0 1 1
github.com/taylor-s-dean/gogettext/plurals-parser/parser.go:142.0,144.0 1 1
github.com/taylor-s-dean/gogettext/plurals-parser/parser.go:147.0,148.0 1 1
github.com/taylor-s-dean/gogettext/plurals-parser/parser.go:148.0,150.0 1 1
github.com/taylor-s-dean/gogettext/plurals-parser/parser.go:150.0,152.0 1 1
github.com/taylor-s-dean/gogettext/plurals-parser/parser.go:158.0,160.0 1 1
